number,value,datetime_start,datetime_complete,duration,params_batch_size,params_dropout_rate,params_epochs,params_learning_rate,params_units1,params_units2,user_attrs_mae,user_attrs_mse,user_attrs_r2,state,mse,mae,r2
0,,2025-01-24 19:56:29.976764,,,32,0.3759391900237905,170,0.007820224374481051,99,18,,,,RUNNING,,,
1,0.0006818330730311573,2025-01-24 21:21:06.093250,2025-01-24 21:25:05.276259,0 days 00:03:59.183009,16,0.1760817895419812,130,0.002080918728217991,64,56,0.018830107462520333,0.0007315852919682992,0.9561333566152982,COMPLETE,0.0007315852919682992,0.018830107462520333,0.9561333566152982
2,0.00188750762026757,2025-01-24 21:25:05.308737,2025-01-24 21:27:13.268385,0 days 00:02:07.959648,128,0.39159299666662994,200,0.0002899078085738056,69,29,0.034989277254722895,0.0021096046016305303,0.8735058321177097,COMPLETE,0.0021096046016305303,0.034989277254722895,0.8735058321177097
3,0.0006884843460284173,2025-01-24 21:27:13.310210,2025-01-24 21:31:57.695965,0 days 00:04:44.385755,16,0.26034083074410963,200,0.0008721391376043853,59,55,0.02338213649175156,0.0009877466544569952,0.9407736449581673,COMPLETE,0.0009877466544569952,0.02338213649175156,0.9407736449581673
4,0.001053644809871912,2025-01-24 21:31:57.718331,2025-01-24 21:34:07.694615,0 days 00:02:09.976284,128,0.3800988304897567,200,0.0010363204958230103,118,11,0.028348888743217747,0.0014192344805434229,0.9149011693909661,COMPLETE,0.0014192344805434229,0.028348888743217747,0.9149011693909661
5,0.0011053946800529957,2025-01-24 21:34:07.719110,2025-01-24 21:36:33.248433,0 days 00:02:25.529323,128,0.3661301352495713,200,0.0006190545803856684,124,30,0.02437826542760313,0.0011396838847085127,0.9316633247132499,COMPLETE,0.0011396838847085127,0.02437826542760313,0.9316633247132499
6,0.0007292157970368862,2025-01-24 21:36:33.268941,2025-01-24 21:38:25.022390,0 days 00:01:51.753449,64,0.4734739137673353,180,0.009632246155315174,55,53,0.020351458315281467,0.0008055387306158115,0.9516990286485689,COMPLETE,0.0008055387306158115,0.020351458315281467,0.9516990286485689
7,0.0007840674370527267,2025-01-24 21:38:25.045051,2025-01-24 21:40:24.957196,0 days 00:01:59.912145,32,0.12834789339383712,100,0.0005662991806631353,91,60,0.02544310973240544,0.0011155387311447336,0.9331110941701802,COMPLETE,0.0011155387311447336,0.02544310973240544,0.9331110941701802
8,0.002293420722708106,2025-01-24 21:40:24.978622,2025-01-24 21:42:25.533768,0 days 00:02:00.555146,32,0.2483458415300616,160,0.00016014267948380627,28,9,0.039583660623266514,0.0026528144860022557,0.8409343814032356,COMPLETE,0.0026528144860022557,0.039583660623266514,0.8409343814032356
9,0.0007850727997720242,2025-01-24 21:42:25.555355,2025-01-24 21:45:11.329755,0 days 00:02:45.774400,16,0.3372096131536674,130,0.00037203612407193774,104,62,0.02064246891403388,0.0008491192172987938,0.949085895649803,COMPLETE,0.0008491192172987938,0.02064246891403388,0.949085895649803
10,0.0006846782052889466,2025-01-24 21:45:11.349667,2025-01-24 21:49:18.041296,0 days 00:04:06.691629,16,0.25934521721275783,180,0.0012937700123859682,121,62,0.024822427519781375,0.0010540350142574106,0.9367989233886588,COMPLETE,0.0010540350142574106,0.024822427519781375,0.9367989233886588
11,0.0006931415991857648,2025-01-24 21:49:18.058654,2025-01-24 21:50:08.475030,0 days 00:00:50.416376,64,0.10465899758715855,120,0.0034702435463643136,20,44,0.020722883760856264,0.0008293697008765729,0.9502700979614473,COMPLETE,0.0008293697008765729,0.020722883760856264,0.9502700979614473
12,0.0006826965254731476,2025-01-24 21:50:08.495335,2025-01-24 21:52:54.936298,0 days 00:02:46.440963,16,0.19181998222203167,150,0.0021401900940862216,90,48,0.01907338554680884,0.0007457968400583905,0.9552812168595421,COMPLETE,0.0007457968400583905,0.01907338554680884,0.9552812168595421
13,0.000685597478877753,2025-01-24 21:52:54.952755,2025-01-24 21:55:31.842960,0 days 00:02:36.890205,16,0.17323258154744053,140,0.002599313443485157,82,43,0.021146186353086332,0.0008676843650303824,0.9479727093626172,COMPLETE,0.0008676843650303824,0.021146186353086332,0.9479727093626172
14,0.0006885667680762708,2025-01-24 21:55:31.861156,2025-01-24 21:58:01.416435,0 days 00:02:29.555279,16,0.18758598689341588,160,0.002938799762690702,49,46,0.019698456854898624,0.0007633134438096474,0.9542309024006495,COMPLETE,0.0007633134438096474,0.019698456854898624,0.9542309024006495
15,0.0006833247607573867,2025-01-24 21:58:01.434043,2025-01-24 22:00:06.395017,0 days 00:02:04.960974,16,0.19942453388209164,110,0.006640409398733171,91,37,0.019208782940522834,0.0007602366014640867,0.9544153931871722,COMPLETE,0.0007602366014640867,0.019208782940522834,0.9544153931871722
16,0.0006823097937740386,2025-01-24 22:06:28.524617,2025-01-24 22:08:12.649350,0 days 00:01:44.124733,16,0.13629118112722682,140,0.0018793483799570785,38,50,0.018665969725894384,0.0007308073296676652,0.9561800040741568,COMPLETE,0.0007308073296676652,0.018665969725894384,0.9561800040741568
17,0.0006851018988527358,2025-01-24 22:08:12.665157,2025-01-24 22:09:51.447892,0 days 00:01:38.782735,16,0.13680276680450196,130,0.005320620686092235,41,52,0.01811638726642592,0.0006878553068871471,0.9587554536993061,COMPLETE,0.0006878553068871471,0.01811638726642592,0.9587554536993061
18,0.0006997964228503406,2025-01-24 22:09:51.462187,2025-01-24 22:11:06.185468,0 days 00:01:14.723281,32,0.22987762457866526,140,0.0018559512197901932,35,37,0.018152565316316194,0.0007025482305664098,0.9578744501438865,COMPLETE,0.0007025482305664098,0.018152565316316194,0.9578744501438865
19,0.0008909212774597108,2025-01-24 22:11:06.199997,2025-01-24 22:11:54.989601,0 days 00:00:48.789604,64,0.31150010654924454,120,0.0014057918675013067,72,18,0.022487542910741735,0.0009708542195213638,0.9417865335814841,COMPLETE,0.0009708542195213638,0.022487542910741735,0.9417865335814841
20,0.0006729561137035489,2025-01-24 22:11:55.004274,2025-01-24 22:13:11.734281,0 days 00:01:16.730007,16,0.14298704930956907,100,0.004972796094337033,46,57,0.018117336486219816,0.0006925274710867335,0.9584753056932868,COMPLETE,0.0006925274710867335,0.018117336486219816,0.9584753056932868
21,0.0007322642486542463,2025-01-24 22:13:11.748144,2025-01-24 22:14:33.765182,0 days 00:01:22.017038,16,0.44153915876274774,100,0.0037050893323606155,62,57,0.0198510938338517,0.0008146610276217063,0.951152045878412,COMPLETE,0.0008146610276217063,0.0198510938338517,0.951152045878412
22,0.0006914202822372317,2025-01-24 22:14:33.779506,2025-01-24 22:15:56.246502,0 days 00:01:22.466996,16,0.15496744314764996,110,0.0040791073493673296,46,50,0.018221353942801704,0.0006924997853382118,0.9584769657606372,COMPLETE,0.0006924997853382118,0.018221353942801704,0.9584769657606372
23,0.0006687336135655642,2025-01-24 22:15:56.260982,2025-01-24 22:17:43.258620,0 days 00:01:46.997638,16,0.10208248711975643,150,0.007792130425820496,17,64,0.02187431275419749,0.0008759350273111038,0.9474779907509537,COMPLETE,0.0008759350273111038,0.02187431275419749,0.9474779907509537
24,0.0006641944055445492,2025-01-24 22:17:43.273283,2025-01-24 22:19:39.021189,0 days 00:01:55.747906,16,0.11106993096449963,160,0.009288527830116316,21,64,0.018857701540650407,0.0007163338105246169,0.9570478518968782,COMPLETE,0.0007163338105246169,0.018857701540650407,0.9570478518968782
25,0.0006557544693350792,2025-01-24 22:19:39.036124,2025-01-24 22:21:41.146190,0 days 00:02:02.110066,16,0.11669148561655428,170,0.008803627429701996,18,64,0.0410110994176822,0.0023932233721023284,0.8564997446552063,COMPLETE,0.0023932233721023284,0.0410110994176822,0.8564997446552063
26,0.0006714912597090006,2025-01-24 22:21:41.160837,2025-01-24 22:23:44.120453,0 days 00:02:02.959616,16,0.1003028116701062,170,0.00940761982467235,17,64,0.024075020891359294,0.001070491252566984,0.9358121895856355,COMPLETE,0.001070491252566984,0.024075020891359294,0.9358121895856355
27,0.0006923862383700907,2025-01-24 22:23:44.135104,2025-01-24 22:24:33.918183,0 days 00:00:49.783079,128,0.22279454891157996,180,0.007257453448265231,26,64,0.01835507241284149,0.000706180746297932,0.9576566405816476,COMPLETE,0.000706180746297932,0.01835507241284149,0.9576566405816476
28,0.0006804890581406653,2025-01-24 22:24:33.932619,2025-01-24 22:25:59.671939,0 days 00:01:25.739320,32,0.12025382123494406,160,0.006419571618169124,29,58,0.018251198074478614,0.0007041961601700141,0.9577756385069687,COMPLETE,0.0007041961601700141,0.018251198074478614,0.9577756385069687
29,0.0006863109301775694,2025-01-24 22:25:59.686447,2025-01-24 22:26:58.536362,0 days 00:00:58.849915,64,0.15856265907899375,170,0.009656577014790235,16,60,0.02492631108333018,0.0010381644837360337,0.9377505375208048,COMPLETE,0.0010381644837360337,0.02492631108333018,0.9377505375208048
30,0.0007029304397292435,2025-01-24 22:26:58.550833,2025-01-24 22:28:36.996981,0 days 00:01:38.446148,16,0.28385153278785236,150,0.0048006593352616445,24,25,0.03741938517051857,0.0019286208126302268,0.8843578153623817,COMPLETE,0.0019286208126302268,0.03741938517051857,0.8843578153623817
